<?xml version="1.0" encoding="UTF-8"?>
<testsuite xmlns:xsi="http://www.w3.org/2001/XMLSchema-instance" xsi:schemaLocation="https://maven.apache.org/surefire/maven-surefire-plugin/xsd/surefire-test-report.xsd" name="com.qa.runner.Runner" time="62.448" tests="7" errors="0" skipped="0" failures="0">
  <properties>
[...]
</properties>
  <testcase name="Given Navigate to PIM after log in with Admin user" classname="| AutU1firstName | utU1Mname | utU1Lname |" time="0.002"/>
  <testcase name="When I Add employee with  first name as &quot;AutU1firstName&quot; and mname as &quot;utU1Mname&quot; and lName as &quot;utU1Lname&quot;" classname="| AutU1firstName | utU1Mname | utU1Lname |" time="0"/>
  <testcase name="Then I  verify employeeAdded in list with  first name as &quot;AutU1firstName&quot; and mname as &quot;utU1Mname&quot; and lName as &quot;utU1Lname&quot;" classname="| AutU1firstName | utU1Mname | utU1Lname |" time="0"/>
  <testcase name="When I click on Edit button and update below values and save the Data" classname="| AutU1firstName | utU1Mname | utU1Lname |" time="0"/>
  <testcase name="Then I search the employee and ensure that it is searched using below values" classname="| AutU1firstName | utU1Mname | utU1Lname |" time="0"/>
  <testcase name="And I select and Delete the Updated Employee and verify employee is not  in search result" classname="| AutU1firstName | utU1Mname | utU1Lname |" time="0"/>
  <testcase name="| AutU1firstName | utU1Mname | utU1Lname |" classname="| AutU1firstName | utU1Mname | utU1Lname |" time="0.675"/>
</testsuite>